Determining if the pthread_create exist failed with the following output:
Change Dir: /home/xanthor/Programmes/ROS/build/CMakeFiles/CMakeTmp

Run Build Command:"/usr/bin/make" "cmTC_79341/fast"
/usr/bin/make -f CMakeFiles/cmTC_79341.dir/build.make CMakeFiles/cmTC_79341.dir/build
make[1] : on entre dans le répertoire « /home/xanthor/Programmes/ROS/build/CMakeFiles/CMakeTmp »
Building C object CMakeFiles/cmTC_79341.dir/CheckSymbolExists.c.o
/usr/bin/cc    -o CMakeFiles/cmTC_79341.dir/CheckSymbolExists.c.o   -c /home/xanthor/Programmes/ROS/build/CMakeFiles/CMakeTmp/CheckSymbolExists.c
Linking C executable cmTC_79341
/usr/bin/cmake -E cmake_link_script CMakeFiles/cmTC_79341.dir/link.txt --verbose=1
/usr/bin/cc      -rdynamic CMakeFiles/cmTC_79341.dir/CheckSymbolExists.c.o  -o cmTC_79341 
CMakeFiles/cmTC_79341.dir/CheckSymbolExists.c.o : Dans la fonction « main » :
CheckSymbolExists.c:(.text+0x1b) : référence indéfinie vers « pthread_create »
collect2: error: ld returned 1 exit status
CMakeFiles/cmTC_79341.dir/build.make:97: recipe for target 'cmTC_79341' failed
make[1]: *** [cmTC_79341] Error 1
make[1] : on quitte le répertoire « /home/xanthor/Programmes/ROS/build/CMakeFiles/CMakeTmp »
Makefile:126: recipe for target 'cmTC_79341/fast' failed
make: *** [cmTC_79341/fast] Error 2

File /home/xanthor/Programmes/ROS/build/CMakeFiles/CMakeTmp/CheckSymbolExists.c:
/* */
#include <pthread.h>

int main(int argc, char** argv)
{
  (void)argv;
#ifndef pthread_create
  return ((int*)(&pthread_create))[argc];
#else
  (void)argc;
  return 0;
#endif
}

Determining if the function pthread_create exists in the pthreads failed with the following output:
Change Dir: /home/xanthor/Programmes/ROS/build/CMakeFiles/CMakeTmp

Run Build Command:"/usr/bin/make" "cmTC_b23db/fast"
/usr/bin/make -f CMakeFiles/cmTC_b23db.dir/build.make CMakeFiles/cmTC_b23db.dir/build
make[1] : on entre dans le répertoire « /home/xanthor/Programmes/ROS/build/CMakeFiles/CMakeTmp »
Building C object CMakeFiles/cmTC_b23db.dir/CheckFunctionExists.c.o
/usr/bin/cc   -DCHECK_FUNCTION_EXISTS=pthread_create   -o CMakeFiles/cmTC_b23db.dir/CheckFunctionExists.c.o   -c /usr/share/cmake-3.10/Modules/CheckFunctionExists.c
Linking C executable cmTC_b23db
/usr/bin/cmake -E cmake_link_script CMakeFiles/cmTC_b23db.dir/link.txt --verbose=1
/usr/bin/cc  -DCHECK_FUNCTION_EXISTS=pthread_create    -rdynamic CMakeFiles/cmTC_b23db.dir/CheckFunctionExists.c.o  -o cmTC_b23db -lpthreads 
/usr/bin/ld : ne peut trouver -lpthreads
collect2: error: ld returned 1 exit status
CMakeFiles/cmTC_b23db.dir/build.make:97: recipe for target 'cmTC_b23db' failed
make[1]: *** [cmTC_b23db] Error 1
make[1] : on quitte le répertoire « /home/xanthor/Programmes/ROS/build/CMakeFiles/CMakeTmp »
Makefile:126: recipe for target 'cmTC_b23db/fast' failed
make: *** [cmTC_b23db/fast] Error 2


